"Start of log file."
"E:/CloneWorks/DarkSky/TheWild/DarkSky/Assets/DungeonRooms/hallway.max"
"Starting max loading and fbx conversion"
window = undefined
"Settings units"
"Before fbx export"
"After fbx export"
"Finished max loading and fbx conversion"
"E:/CloneWorks/DarkSky/TheWild/DarkSky/Assets/DungeonRooms/entrance.max"
"Starting max loading and fbx conversion"
window = undefined
"Settings units"
"Before fbx export"
"After fbx export"
"Finished max loading and fbx conversion"
"E:/CloneWorks/DarkSky/TheWild/DarkSky/Assets/DungeonRooms/room1.max"
"Starting max loading and fbx conversion"
window = undefined
"Settings units"
"Before fbx export"
"After fbx export"
"Finished max loading and fbx conversion"
